<!DOCTYPE html PUBLIC "-//W3C//DTD XHTML 1.1//EN" "https://www.w3.org/TR/xhtml11/DTD/xhtml11.dtd">
<html xmlns="https://www.w3.org/1999/xhtml">
<head>
<meta http-equiv="content-type" content="text/html; charset=UTF-8"/>
<title>TestNG Report</title>
<style type="text/css">table {margin-bottom:10px;border-collapse:collapse;empty-cells:show}th,td {border:1px solid #009;padding:.25em .5em}th {vertical-align:bottom}td {vertical-align:top}table a {font-weight:bold}.stripe td {background-color: #E6EBF9}.num {text-align:right}.passedodd td {background-color: #3F3}.passedeven td {background-color: #0A0}.skippedodd td {background-color: #DDD}.skippedeven td {background-color: #CCC}.failedodd td,.attn {background-color: #F33}.failedeven td,.stripe .attn {background-color: #D00}.stacktrace {white-space:pre;font-family:monospace}.totop {font-size:85%;text-align:center;border-bottom:2px solid #000}.invisible {display:none}</style>
</head>
<body>
<table>
<tr><th>Test</th><th># Passed</th><th># Skipped</th><th># Retried</th><th># Failed</th><th>Time (ms)</th><th>Included Groups</th><th>Excluded Groups</th></tr>
<tr><th colspan="8">Surefire suite</th></tr>
<tr><td><a href="#t0">Surefire test</a></td><td class="num">27</td><td class="num attn">1</td><td class="num">0</td><td class="num attn">4</td><td class="num">13,375</td><td></td><td></td></tr>
</table>
<table id='summary'><thead><tr><th>Class</th><th>Method</th><th>Start</th><th>Time (ms)</th></tr></thead><tbody><tr><th colspan="4">Surefire suite</th></tr></tbody><tbody id="t0"><tr><th colspan="4">Surefire test &#8212; failed</th></tr><tr class="failedeven"><td rowspan="2">tests.CreateUserTest</td><td><a href="#m0">createUserUsingJsonFile</a></td><td rowspan="1">1769674824515</td><td rowspan="1">338</td></tr><tr class="failedeven"><td><a href="#m1">createUserUsingPojo</a></td><td rowspan="1">1769674824858</td><td rowspan="1">281</td></tr><tr class="failedodd"><td rowspan="1">tests.HamcrestTest</td><td><a href="#m2">basicHamcrestValidation</a></td><td rowspan="1">1769674832155</td><td rowspan="1">420</td></tr><tr class="failedeven"><td rowspan="1">tests.PostmanAuthTest</td><td><a href="#m3">oauthClientCredentialsTest</a></td><td rowspan="1">1769674833137</td><td rowspan="1">571</td></tr><tr><th colspan="4">Surefire test &#8212; skipped</th></tr><tr class="skippedeven"><td rowspan="1">tests.AuthFlowTest</td><td><a href="#m4">completeAuthFlowTest</a></td><td rowspan="1">1769674822106</td><td rowspan="1">2400</td></tr><tr><th colspan="4">Surefire test &#8212; passed</th></tr><tr class="passedeven"><td rowspan="23">tests.DataDrivenPostTest</td><td><a href="#m5">postApi_csvDataDrivenTest</a></td><td rowspan="10">1769674827180</td><td rowspan="10">284</td></tr><tr class="passedeven"><td><a href="#m6">postApi_csvDataDrivenTest</a></td></tr><tr class="passedeven"><td><a href="#m7">postApi_csvDataDrivenTest</a></td></tr><tr class="passedeven"><td><a href="#m8">postApi_csvDataDrivenTest</a></td></tr><tr class="passedeven"><td><a href="#m9">postApi_csvDataDrivenTest</a></td></tr><tr class="passedeven"><td><a href="#m10">postApi_csvDataDrivenTest</a></td></tr><tr class="passedeven"><td><a href="#m11">postApi_csvDataDrivenTest</a></td></tr><tr class="passedeven"><td><a href="#m12">postApi_csvDataDrivenTest</a></td></tr><tr class="passedeven"><td><a href="#m13">postApi_csvDataDrivenTest</a></td></tr><tr class="passedeven"><td><a href="#m14">postApi_csvDataDrivenTest</a></td></tr><tr class="passedeven"><td><a href="#m15">postApi_dataDrivenTest</a></td><td rowspan="3">1769674828926</td><td rowspan="3">284</td></tr><tr class="passedeven"><td><a href="#m16">postApi_dataDrivenTest</a></td></tr><tr class="passedeven"><td><a href="#m17">postApi_dataDrivenTest</a></td></tr><tr class="passedeven"><td><a href="#m18">postApi_jsonDataDrivenTest</a></td><td rowspan="10">1769674829569</td><td rowspan="10">276</td></tr><tr class="passedeven"><td><a href="#m19">postApi_jsonDataDrivenTest</a></td></tr><tr class="passedeven"><td><a href="#m20">postApi_jsonDataDrivenTest</a></td></tr><tr class="passedeven"><td><a href="#m21">postApi_jsonDataDrivenTest</a></td></tr><tr class="passedeven"><td><a href="#m22">postApi_jsonDataDrivenTest</a></td></tr><tr class="passedeven"><td><a href="#m23">postApi_jsonDataDrivenTest</a></td></tr><tr class="passedeven"><td><a href="#m24">postApi_jsonDataDrivenTest</a></td></tr><tr class="passedeven"><td><a href="#m25">postApi_jsonDataDrivenTest</a></td></tr><tr class="passedeven"><td><a href="#m26">postApi_jsonDataDrivenTest</a></td></tr><tr class="passedeven"><td><a href="#m27">postApi_jsonDataDrivenTest</a></td></tr><tr class="passedodd"><td rowspan="2">tests.PostmanAuthTest</td><td><a href="#m28">basicAuthTest</a></td><td rowspan="1">1769674832578</td><td rowspan="1">292</td></tr><tr class="passedodd"><td><a href="#m29">bearerTokenTest</a></td><td rowspan="1">1769674832871</td><td rowspan="1">265</td></tr><tr class="passedeven"><td rowspan="1">tests.RetrySampleTest</td><td><a href="#m30">retryExampleTest</a></td><td rowspan="1">1769674833710</td><td rowspan="1">274</td></tr><tr class="passedodd"><td rowspan="1">tests.UserMockApiTest</td><td><a href="#m31">getUserMockTest</a></td><td rowspan="1">1769674834901</td><td rowspan="1">53</td></tr></tbody>
</table>
<h2>Surefire test</h2><h3 id="m0">tests.CreateUserTest#createUserUsingJsonFile</h3><table class="result"><tr><th>Exception</th></tr><tr><td><div class="stacktrace">java.lang.AssertionError: expected [403] but found [404]
	at tests.CreateUserTest.createUserUsingJsonFile(CreateUserTest.java:23)
	at java.base/java.util.ArrayList.forEach(ArrayList.java:1597)
... Removed 37 stack frames</div></td></tr></table><p class="totop"><a href="#summary">back to summary</a></p>
<h3 id="m1">tests.CreateUserTest#createUserUsingPojo</h3><table class="result"><tr><th>Exception</th></tr><tr><td><div class="stacktrace">java.lang.AssertionError: expected [403] but found [404]
	at tests.CreateUserTest.createUserUsingPojo(CreateUserTest.java:45)
	at java.base/java.util.ArrayList.forEach(ArrayList.java:1597)
... Removed 37 stack frames</div></td></tr></table><p class="totop"><a href="#summary">back to summary</a></p>
<h3 id="m2">tests.HamcrestTest#basicHamcrestValidation</h3><table class="result"><tr><th>Exception</th></tr><tr><td><div class="stacktrace">java.lang.AssertionError: 1 expectation failed.
JSON path ids doesn&apos;t match.
Expected: a collection with size &lt;4&gt;
  Actual: null

	at org.codehaus.groovy.runtime.callsite.ConstructorSite$ConstructorSiteNoUnwrapNoCoerce.callConstructor(ConstructorSite.java:108)
	at org.codehaus.groovy.runtime.callsite.CallSiteArray.defaultCallConstructor(CallSiteArray.java:57)
	at org.codehaus.groovy.runtime.callsite.AbstractCallSite.callConstructor(AbstractCallSite.java:263)
	at org.codehaus.groovy.runtime.callsite.AbstractCallSite.callConstructor(AbstractCallSite.java:277)
	at io.restassured.internal.ResponseSpecificationImpl$HamcrestAssertionClosure.validate(ResponseSpecificationImpl.groovy:512)
	at io.restassured.internal.ResponseSpecificationImpl$HamcrestAssertionClosure$validate$1.call(Unknown Source)
	at io.restassured.internal.ResponseSpecificationImpl.validateResponseIfRequired(ResponseSpecificationImpl.groovy:696)
	at io.restassured.internal.ResponseSpecificationImpl.this$2$validateResponseIfRequired(ResponseSpecificationImpl.groovy)
	at org.codehaus.groovy.runtime.callsite.PlainObjectMetaMethodSite.doInvoke(PlainObjectMetaMethodSite.java:43)
	at org.codehaus.groovy.runtime.callsite.PogoMetaMethodSite$PogoCachedMethodSiteNoUnwrapNoCoerce.invoke(PogoMetaMethodSite.java:198)
	at org.codehaus.groovy.runtime.callsite.PogoMetaMethodSite.callCurrent(PogoMetaMethodSite.java:62)
	at org.codehaus.groovy.runtime.callsite.AbstractCallSite.callCurrent(AbstractCallSite.java:185)
	at io.restassured.internal.ResponseSpecificationImpl.body(ResponseSpecificationImpl.groovy:270)
	at io.restassured.specification.ResponseSpecification$body$1.callCurrent(Unknown Source)
	at org.codehaus.groovy.runtime.callsite.CallSiteArray.defaultCallCurrent(CallSiteArray.java:49)
	at io.restassured.specification.ResponseSpecification$body$1.callCurrent(Unknown Source)
	at io.restassured.internal.ResponseSpecificationImpl.body(ResponseSpecificationImpl.groovy:117)
	at io.restassured.internal.ValidatableResponseOptionsImpl.body(ValidatableResponseOptionsImpl.java:244)
	at tests.HamcrestTest.basicHamcrestValidation(HamcrestTest.java:26)
	at java.base/java.util.ArrayList.forEach(ArrayList.java:1597)
... Removed 36 stack frames</div></td></tr></table><p class="totop"><a href="#summary">back to summary</a></p>
<h3 id="m3">tests.PostmanAuthTest#oauthClientCredentialsTest</h3><table class="result"><tr><th>Exception</th></tr><tr><td><div class="stacktrace">java.lang.AssertionError: expected [200] but found [403]
	at tests.PostmanAuthTest.oauthClientCredentialsTest(PostmanAuthTest.java:46)
	at java.base/java.util.ArrayList.forEach(ArrayList.java:1597)
... Removed 37 stack frames</div></td></tr></table><p class="totop"><a href="#summary">back to summary</a></p>
<h3 id="m4">tests.AuthFlowTest#completeAuthFlowTest</h3><table class="result"><tr><th>Exception</th></tr><tr><td><div class="stacktrace">org.testng.SkipException: Login did not return JSON
	at tests.AuthFlowTest.completeAuthFlowTest(AuthFlowTest.java:24)
	at java.base/java.util.ArrayList.forEach(ArrayList.java:1597)
... Removed 30 stack frames</div></td></tr></table><p class="totop"><a href="#summary">back to summary</a></p>
<h3 id="m5">tests.DataDrivenPostTest#postApi_csvDataDrivenTest</h3><table class="result"><tr class="param"><th>Parameter #1</th></tr><tr class="param stripe"><td>{name=Priya, role=Frontend Developer}</td></tr></table><p class="totop"><a href="#summary">back to summary</a></p>
<h3 id="m6">tests.DataDrivenPostTest#postApi_csvDataDrivenTest</h3><table class="result"><tr class="param"><th>Parameter #1</th></tr><tr class="param stripe"><td>{name=Anjali, role=Developer}</td></tr></table><p class="totop"><a href="#summary">back to summary</a></p>
<h3 id="m7">tests.DataDrivenPostTest#postApi_csvDataDrivenTest</h3><table class="result"><tr class="param"><th>Parameter #1</th></tr><tr class="param stripe"><td>{name=Vanish, role=QA}</td></tr></table><p class="totop"><a href="#summary">back to summary</a></p>
<h3 id="m8">tests.DataDrivenPostTest#postApi_csvDataDrivenTest</h3><table class="result"><tr class="param"><th>Parameter #1</th></tr><tr class="param stripe"><td>{name=Kiran, role=DevOps Engineer}</td></tr></table><p class="totop"><a href="#summary">back to summary</a></p>
<h3 id="m9">tests.DataDrivenPostTest#postApi_csvDataDrivenTest</h3><table class="result"><tr class="param"><th>Parameter #1</th></tr><tr class="param stripe"><td>{name=Arjun, role=Business Analyst}</td></tr></table><p class="totop"><a href="#summary">back to summary</a></p>
<h3 id="m10">tests.DataDrivenPostTest#postApi_csvDataDrivenTest</h3><table class="result"><tr class="param"><th>Parameter #1</th></tr><tr class="param stripe"><td>{name=Pooja, role=Scrum Master}</td></tr></table><p class="totop"><a href="#summary">back to summary</a></p>
<h3 id="m11">tests.DataDrivenPostTest#postApi_csvDataDrivenTest</h3><table class="result"><tr class="param"><th>Parameter #1</th></tr><tr class="param stripe"><td>{name=Amit, role=Backend Developer}</td></tr></table><p class="totop"><a href="#summary">back to summary</a></p>
<h3 id="m12">tests.DataDrivenPostTest#postApi_csvDataDrivenTest</h3><table class="result"><tr class="param"><th>Parameter #1</th></tr><tr class="param stripe"><td>{name=Neha, role=Product Manager}</td></tr></table><p class="totop"><a href="#summary">back to summary</a></p>
<h3 id="m13">tests.DataDrivenPostTest#postApi_csvDataDrivenTest</h3><table class="result"><tr class="param"><th>Parameter #1</th></tr><tr class="param stripe"><td>{name=Sneha, role=Manual Tester}</td></tr></table><p class="totop"><a href="#summary">back to summary</a></p>
<h3 id="m14">tests.DataDrivenPostTest#postApi_csvDataDrivenTest</h3><table class="result"><tr class="param"><th>Parameter #1</th></tr><tr class="param stripe"><td>{name=Rahul, role=Automation Engineer}</td></tr></table><p class="totop"><a href="#summary">back to summary</a></p>
<h3 id="m15">tests.DataDrivenPostTest#postApi_dataDrivenTest</h3><table class="result"><tr class="param"><th>Parameter #1</th><th>Parameter #2</th></tr><tr class="param stripe"><td>Anjali</td><td>Developer</td></tr></table><p class="totop"><a href="#summary">back to summary</a></p>
<h3 id="m16">tests.DataDrivenPostTest#postApi_dataDrivenTest</h3><table class="result"><tr class="param"><th>Parameter #1</th><th>Parameter #2</th></tr><tr class="param stripe"><td>TestUser</td><td>Manager</td></tr></table><p class="totop"><a href="#summary">back to summary</a></p>
<h3 id="m17">tests.DataDrivenPostTest#postApi_dataDrivenTest</h3><table class="result"><tr class="param"><th>Parameter #1</th><th>Parameter #2</th></tr><tr class="param stripe"><td>Vanish</td><td>QA</td></tr></table><p class="totop"><a href="#summary">back to summary</a></p>
<h3 id="m18">tests.DataDrivenPostTest#postApi_jsonDataDrivenTest</h3><table class="result"><tr class="param"><th>Parameter #1</th></tr><tr class="param stripe"><td>{name=Vanish, role=QA}</td></tr></table><p class="totop"><a href="#summary">back to summary</a></p>
<h3 id="m19">tests.DataDrivenPostTest#postApi_jsonDataDrivenTest</h3><table class="result"><tr class="param"><th>Parameter #1</th></tr><tr class="param stripe"><td>{name=Kiran, role=DevOps Engineer}</td></tr></table><p class="totop"><a href="#summary">back to summary</a></p>
<h3 id="m20">tests.DataDrivenPostTest#postApi_jsonDataDrivenTest</h3><table class="result"><tr class="param"><th>Parameter #1</th></tr><tr class="param stripe"><td>{name=Neha, role=Product Manager}</td></tr></table><p class="totop"><a href="#summary">back to summary</a></p>
<h3 id="m21">tests.DataDrivenPostTest#postApi_jsonDataDrivenTest</h3><table class="result"><tr class="param"><th>Parameter #1</th></tr><tr class="param stripe"><td>{name=Pooja, role=Scrum Master}</td></tr></table><p class="totop"><a href="#summary">back to summary</a></p>
<h3 id="m22">tests.DataDrivenPostTest#postApi_jsonDataDrivenTest</h3><table class="result"><tr class="param"><th>Parameter #1</th></tr><tr class="param stripe"><td>{name=Sneha, role=Manual Tester}</td></tr></table><p class="totop"><a href="#summary">back to summary</a></p>
<h3 id="m23">tests.DataDrivenPostTest#postApi_jsonDataDrivenTest</h3><table class="result"><tr class="param"><th>Parameter #1</th></tr><tr class="param stripe"><td>{name=Anjali, role=Developer}</td></tr></table><p class="totop"><a href="#summary">back to summary</a></p>
<h3 id="m24">tests.DataDrivenPostTest#postApi_jsonDataDrivenTest</h3><table class="result"><tr class="param"><th>Parameter #1</th></tr><tr class="param stripe"><td>{name=Rahul, role=Automation Engineer}</td></tr></table><p class="totop"><a href="#summary">back to summary</a></p>
<h3 id="m25">tests.DataDrivenPostTest#postApi_jsonDataDrivenTest</h3><table class="result"><tr class="param"><th>Parameter #1</th></tr><tr class="param stripe"><td>{name=Priya, role=Frontend Developer}</td></tr></table><p class="totop"><a href="#summary">back to summary</a></p>
<h3 id="m26">tests.DataDrivenPostTest#postApi_jsonDataDrivenTest</h3><table class="result"><tr class="param"><th>Parameter #1</th></tr><tr class="param stripe"><td>{name=Amit, role=Backend Developer}</td></tr></table><p class="totop"><a href="#summary">back to summary</a></p>
<h3 id="m27">tests.DataDrivenPostTest#postApi_jsonDataDrivenTest</h3><table class="result"><tr class="param"><th>Parameter #1</th></tr><tr class="param stripe"><td>{name=Arjun, role=Business Analyst}</td></tr></table><p class="totop"><a href="#summary">back to summary</a></p>
<h3 id="m28">tests.PostmanAuthTest#basicAuthTest</h3><table class="result"><tr><th class="invisible"/></tr></table><p class="totop"><a href="#summary">back to summary</a></p>
<h3 id="m29">tests.PostmanAuthTest#bearerTokenTest</h3><table class="result"><tr><th class="invisible"/></tr></table><p class="totop"><a href="#summary">back to summary</a></p>
<h3 id="m30">tests.RetrySampleTest#retryExampleTest</h3><table class="result"><tr><th class="invisible"/></tr></table><p class="totop"><a href="#summary">back to summary</a></p>
<h3 id="m31">tests.UserMockApiTest#getUserMockTest</h3><table class="result"><tr><th class="invisible"/></tr></table><p class="totop"><a href="#summary">back to summary</a></p>
</body>
</html>
