<?xml version="1.0" encoding="UTF-8"?>
<!-- Generated by org.testng.reporters.JUnitXMLReporter -->
<testsuite ignored="0" hostname="Vanish" failures="4" tests="32" name="Surefire test" time="13.375" errors="0" timestamp="2026-01-29T13:50:34 IST">
  <testcase classname="tests.AuthFlowTest" name="completeAuthFlowTest" time="2.4">
    <skipped/>
  </testcase> <!-- completeAuthFlowTest -->
  <testcase classname="tests.CreateUserTest" name="createUserUsingJsonFile" time="0.338">
    <failure type="java.lang.AssertionError" message="expected [403] but found [404]">
      <![CDATA[java.lang.AssertionError: expected [403] but found [404]
at tests.CreateUserTest.createUserUsingJsonFile(CreateUserTest.java:23)
at java.base/java.util.ArrayList.forEach(ArrayList.java:1597)
... Removed 37 stack frames]]>
    </failure>
  </testcase> <!-- createUserUsingJsonFile -->
  <testcase classname="tests.CreateUserTest" name="createUserUsingPojo" time="0.281">
    <failure type="java.lang.AssertionError" message="expected [403] but found [404]">
      <![CDATA[java.lang.AssertionError: expected [403] but found [404]
at tests.CreateUserTest.createUserUsingPojo(CreateUserTest.java:45)
at java.base/java.util.ArrayList.forEach(ArrayList.java:1597)
... Removed 37 stack frames]]>
    </failure>
  </testcase> <!-- createUserUsingPojo -->
  <testcase classname="tests.DataDrivenPostTest" name="postApi_csvDataDrivenTest" time="0.866"/>
  <testcase classname="tests.DataDrivenPostTest" name="postApi_csvDataDrivenTest" time="0.29"/>
  <testcase classname="tests.DataDrivenPostTest" name="postApi_csvDataDrivenTest" time="0.302"/>
  <testcase classname="tests.DataDrivenPostTest" name="postApi_csvDataDrivenTest" time="0.267"/>
  <testcase classname="tests.DataDrivenPostTest" name="postApi_csvDataDrivenTest" time="0.281"/>
  <testcase classname="tests.DataDrivenPostTest" name="postApi_csvDataDrivenTest" time="0.284"/>
  <testcase classname="tests.DataDrivenPostTest" name="postApi_csvDataDrivenTest" time="0.282"/>
  <testcase classname="tests.DataDrivenPostTest" name="postApi_csvDataDrivenTest" time="0.287"/>
  <testcase classname="tests.DataDrivenPostTest" name="postApi_csvDataDrivenTest" time="0.277"/>
  <testcase classname="tests.DataDrivenPostTest" name="postApi_csvDataDrivenTest" time="0.305"/>
  <testcase classname="tests.DataDrivenPostTest" name="postApi_dataDrivenTest" time="0.308"/>
  <testcase classname="tests.DataDrivenPostTest" name="postApi_dataDrivenTest" time="0.284"/>
  <testcase classname="tests.DataDrivenPostTest" name="postApi_dataDrivenTest" time="0.338"/>
  <testcase classname="tests.DataDrivenPostTest" name="postApi_jsonDataDrivenTest" time="0.276"/>
  <testcase classname="tests.DataDrivenPostTest" name="postApi_jsonDataDrivenTest" time="0.259"/>
  <testcase classname="tests.DataDrivenPostTest" name="postApi_jsonDataDrivenTest" time="0.256"/>
  <testcase classname="tests.DataDrivenPostTest" name="postApi_jsonDataDrivenTest" time="0.253"/>
  <testcase classname="tests.DataDrivenPostTest" name="postApi_jsonDataDrivenTest" time="0.253"/>
  <testcase classname="tests.DataDrivenPostTest" name="postApi_jsonDataDrivenTest" time="0.254"/>
  <testcase classname="tests.DataDrivenPostTest" name="postApi_jsonDataDrivenTest" time="0.248"/>
  <testcase classname="tests.DataDrivenPostTest" name="postApi_jsonDataDrivenTest" time="0.254"/>
  <testcase classname="tests.DataDrivenPostTest" name="postApi_jsonDataDrivenTest" time="0.255"/>
  <testcase classname="tests.DataDrivenPostTest" name="postApi_jsonDataDrivenTest" time="0.272"/>
  <testcase classname="tests.HamcrestTest" name="basicHamcrestValidation" time="0.42">
    <failure type="java.lang.AssertionError" message="1 expectation failed.
JSON path ids doesn&amp;apos;t match.
Expected: a collection with size &amp;lt;4&amp;gt;
  Actual: null
">
      <![CDATA[java.lang.AssertionError: 1 expectation failed.
JSON path ids doesn't match.
Expected: a collection with size <4>
  Actual: null

at org.codehaus.groovy.runtime.callsite.ConstructorSite$ConstructorSiteNoUnwrapNoCoerce.callConstructor(ConstructorSite.java:108)
at org.codehaus.groovy.runtime.callsite.CallSiteArray.defaultCallConstructor(CallSiteArray.java:57)
at org.codehaus.groovy.runtime.callsite.AbstractCallSite.callConstructor(AbstractCallSite.java:263)
at org.codehaus.groovy.runtime.callsite.AbstractCallSite.callConstructor(AbstractCallSite.java:277)
at io.restassured.internal.ResponseSpecificationImpl$HamcrestAssertionClosure.validate(ResponseSpecificationImpl.groovy:512)
at io.restassured.internal.ResponseSpecificationImpl$HamcrestAssertionClosure$validate$1.call(Unknown Source)
at io.restassured.internal.ResponseSpecificationImpl.validateResponseIfRequired(ResponseSpecificationImpl.groovy:696)
at io.restassured.internal.ResponseSpecificationImpl.this$2$validateResponseIfRequired(ResponseSpecificationImpl.groovy)
at org.codehaus.groovy.runtime.callsite.PlainObjectMetaMethodSite.doInvoke(PlainObjectMetaMethodSite.java:43)
at org.codehaus.groovy.runtime.callsite.PogoMetaMethodSite$PogoCachedMethodSiteNoUnwrapNoCoerce.invoke(PogoMetaMethodSite.java:198)
at org.codehaus.groovy.runtime.callsite.PogoMetaMethodSite.callCurrent(PogoMetaMethodSite.java:62)
at org.codehaus.groovy.runtime.callsite.AbstractCallSite.callCurrent(AbstractCallSite.java:185)
at io.restassured.internal.ResponseSpecificationImpl.body(ResponseSpecificationImpl.groovy:270)
at io.restassured.specification.ResponseSpecification$body$1.callCurrent(Unknown Source)
at org.codehaus.groovy.runtime.callsite.CallSiteArray.defaultCallCurrent(CallSiteArray.java:49)
at io.restassured.specification.ResponseSpecification$body$1.callCurrent(Unknown Source)
at io.restassured.internal.ResponseSpecificationImpl.body(ResponseSpecificationImpl.groovy:117)
at io.restassured.internal.ValidatableResponseOptionsImpl.body(ValidatableResponseOptionsImpl.java:244)
at tests.HamcrestTest.basicHamcrestValidation(HamcrestTest.java:26)
at java.base/java.util.ArrayList.forEach(ArrayList.java:1597)
... Removed 36 stack frames]]>
    </failure>
  </testcase> <!-- basicHamcrestValidation -->
  <testcase classname="tests.PostmanAuthTest" name="basicAuthTest" time="0.292"/>
  <testcase classname="tests.PostmanAuthTest" name="bearerTokenTest" time="0.265"/>
  <testcase classname="tests.PostmanAuthTest" name="oauthClientCredentialsTest" time="0.571">
    <failure type="java.lang.AssertionError" message="expected [200] but found [403]">
      <![CDATA[java.lang.AssertionError: expected [200] but found [403]
at tests.PostmanAuthTest.oauthClientCredentialsTest(PostmanAuthTest.java:46)
at java.base/java.util.ArrayList.forEach(ArrayList.java:1597)
... Removed 37 stack frames]]>
    </failure>
  </testcase> <!-- oauthClientCredentialsTest -->
  <testcase classname="tests.RetrySampleTest" name="retryExampleTest" time="0.274"/>
  <testcase classname="tests.UserMockApiTest" name="getUserMockTest" time="0.053"/>
</testsuite> <!-- Surefire test -->
