<html>
<head>
<title>TestNG:  API Tests</title>
<link href="../testng.css" rel="stylesheet" type="text/css" />
<link href="../my-testng.css" rel="stylesheet" type="text/css" />

<style type="text/css">
.log { display: none;} 
.stack-trace { display: none;} 
</style>
<script type="text/javascript">
<!--
function flip(e) {
  current = e.style.display;
  if (current == 'block') {
    e.style.display = 'none';
    return 0;
  }
  else {
    e.style.display = 'block';
    return 1;
  }
}

function toggleBox(szDivId, elem, msg1, msg2)
{
  var res = -1;  if (document.getElementById) {
    res = flip(document.getElementById(szDivId));
  }
  else if (document.all) {
    // this is the way old msie versions work
    res = flip(document.all[szDivId]);
  }
  if(elem) {
    if(res == 0) elem.innerHTML = msg1; else elem.innerHTML = msg2;
  }

}

function toggleAllBoxes() {
  if (document.getElementsByTagName) {
    d = document.getElementsByTagName('div');
    for (i = 0; i < d.length; i++) {
      if (d[i].className == 'log') {
        flip(d[i]);
      }
    }
  }
}

// -->
</script>

</head>
<body>
<h2 align='center'>API Tests</h2><table border='1' align="center">
<tr>
<td>Tests passed/Failed/Skipped:</td><td>29/5/1</td>
</tr><tr>
<td>Started on:</td><td>Thu Jan 29 20:13:12 IST 2026</td>
</tr>
<tr><td>Total time:</td><td>14 seconds (14589 ms)</td>
</tr><tr>
<td>Included groups:</td><td></td>
</tr><tr>
<td>Excluded groups:</td><td></td>
</tr>
</table><p/>
<small><i>(Hover the method name to see the test class name)</i></small><p/>
<table width='100%' border='1' class='invocation-failed'>
<tr><td colspan='4' align='center'><b>FAILED TESTS</b></td></tr>
<tr><td><b>Test method</b></td>
<td><b>Attribute(s)</b></td>
<td width="30%"><b>Exception</b></td>
<td width="10%"><b>Time (seconds)</b></td>
<td><b>Instance</b></td>
</tr>
<tr>
<td title='tests.HamcrestTest.basicHamcrestValidation()'><b>basicHamcrestValidation</b><br>Test class: tests.HamcrestTest</td>
<td><div><pre>java.lang.AssertionError: 1 expectation failed.
JSON path ids doesn&apos;t match.
Expected: a collection with size &lt;4&gt;
  Actual: null

	at org.codehaus.groovy.runtime.callsite.ConstructorSite$ConstructorSiteNoUnwrapNoCoerce.callConstructor(ConstructorSite.java:108)
	at org.codehaus.groovy.runtime.callsite.CallSiteArray.defaultCallConstructor(CallSiteArray.java:57)
	at org.codehaus.groovy.runtime.callsite.AbstractCallSite.callConstructor(AbstractCallSite.java:263)
	at org.codehaus.groovy.runtime.callsite.AbstractCallSite.callConstructor(AbstractCallSite.java:277)
	at io.restassured.internal.ResponseSpecificationImpl$HamcrestAssertionClosure.validate(ResponseSpecificationImpl.groovy:512)
	at io.restassured.internal.ResponseSpecificationImpl$HamcrestAssertionClosure$validate$1.call(Unknown Source)
	at io.restassured.internal.ResponseSpecificationImpl.validateResponseIfRequired(ResponseSpecificationImpl.groovy:696)
	at io.restassured.internal.ResponseSpecificationImpl.this$2$validateResponseIfRequired(ResponseSpecificationImpl.groovy)
	at org.codehaus.groovy.runtime.callsite.PlainObjectMetaMethodSite.doInvoke(PlainObjectMetaMethodSite.java:43)
	at org.codehaus.groovy.runtime.callsite.PogoMetaMethodSite$PogoCachedMethodSiteNoUnwrapNoCoerce.invoke(PogoMetaMethodSite.java:198)
	at org.codehaus.groovy.runtime.callsite.PogoMetaMethodSite.callCurrent(PogoMetaMethodSite.java:62)
	at org.codehaus.groovy.runtime.callsite.AbstractCallSite.callCurrent(AbstractCallSite.java:185)
	at io.restassured.internal.ResponseSpecificationImpl.body(ResponseSpecificationImpl.groovy:270)
	at io.restassured.specification.ResponseSpecification$body$1.callCurrent(Unknown Source)
	at org.codehaus.groovy.runtime.callsite.CallSiteArray.defaultCallCurrent(CallSiteArray.java:49)
	at io.restassured.specification.ResponseSpecification$body$1.callCurrent(Unknown Source)
	at io.restassured.internal.ResponseSpecificationImpl.body(ResponseSpecificationImpl.groovy:117)
	at io.restassured.internal.ValidatableResponseOptionsImpl.body(ValidatableResponseOptionsImpl.java:244)
	at tests.HamcrestTest.basicHamcrestValidation(HamcrestTest.java:26)
	at java.base/java.util.ArrayList.forEach(ArrayList.java:1597)
... Removed 31 stack frames</pre></div><a href='#' onClick='toggleBox("stack-trace1979080020", this, "Click to show all stack frames", "Click to hide stack frames")'>Click to show all stack frames</a>
<div class='stack-trace' id='stack-trace1979080020'><pre>java.lang.AssertionError: 1 expectation failed.
JSON path ids doesn&apos;t match.
Expected: a collection with size &lt;4&gt;
  Actual: null

	at java.base/jdk.internal.reflect.DirectConstructorHandleAccessor.newInstance(DirectConstructorHandleAccessor.java:62)
	at java.base/java.lang.reflect.Constructor.newInstanceWithCaller(Constructor.java:502)
	at java.base/java.lang.reflect.Constructor.newInstance(Constructor.java:486)
	at org.codehaus.groovy.reflection.CachedConstructor.invoke(CachedConstructor.java:73)
	at org.codehaus.groovy.runtime.callsite.ConstructorSite$ConstructorSiteNoUnwrapNoCoerce.callConstructor(ConstructorSite.java:108)
	at org.codehaus.groovy.runtime.callsite.CallSiteArray.defaultCallConstructor(CallSiteArray.java:57)
	at org.codehaus.groovy.runtime.callsite.AbstractCallSite.callConstructor(AbstractCallSite.java:263)
	at org.codehaus.groovy.runtime.callsite.AbstractCallSite.callConstructor(AbstractCallSite.java:277)
	at io.restassured.internal.ResponseSpecificationImpl$HamcrestAssertionClosure.validate(ResponseSpecificationImpl.groovy:512)
	at io.restassured.internal.ResponseSpecificationImpl$HamcrestAssertionClosure$validate$1.call(Unknown Source)
	at io.restassured.internal.ResponseSpecificationImpl.validateResponseIfRequired(ResponseSpecificationImpl.groovy:696)
	at io.restassured.internal.ResponseSpecificationImpl.this$2$validateResponseIfRequired(ResponseSpecificationImpl.groovy)
	at java.base/jdk.internal.reflect.DirectMethodHandleAccessor.invoke(DirectMethodHandleAccessor.java:103)
	at java.base/java.lang.reflect.Method.invoke(Method.java:580)
	at org.codehaus.groovy.runtime.callsite.PlainObjectMetaMethodSite.doInvoke(PlainObjectMetaMethodSite.java:43)
	at org.codehaus.groovy.runtime.callsite.PogoMetaMethodSite$PogoCachedMethodSiteNoUnwrapNoCoerce.invoke(PogoMetaMethodSite.java:198)
	at org.codehaus.groovy.runtime.callsite.PogoMetaMethodSite.callCurrent(PogoMetaMethodSite.java:62)
	at org.codehaus.groovy.runtime.callsite.AbstractCallSite.callCurrent(AbstractCallSite.java:185)
	at io.restassured.internal.ResponseSpecificationImpl.body(ResponseSpecificationImpl.groovy:270)
	at io.restassured.specification.ResponseSpecification$body$1.callCurrent(Unknown Source)
	at org.codehaus.groovy.runtime.callsite.CallSiteArray.defaultCallCurrent(CallSiteArray.java:49)
	at io.restassured.specification.ResponseSpecification$body$1.callCurrent(Unknown Source)
	at io.restassured.internal.ResponseSpecificationImpl.body(ResponseSpecificationImpl.groovy:117)
	at io.restassured.internal.ValidatableResponseOptionsImpl.body(ValidatableResponseOptionsImpl.java:244)
	at tests.HamcrestTest.basicHamcrestValidation(HamcrestTest.java:26)
	at java.base/jdk.internal.reflect.DirectMethodHandleAccessor.invoke(DirectMethodHandleAccessor.java:103)
	at java.base/java.lang.reflect.Method.invoke(Method.java:580)
	at org.testng.internal.invokers.MethodInvocationHelper.invokeMethod(MethodInvocationHelper.java:141)
	at org.testng.internal.invokers.TestInvoker.invokeMethod(TestInvoker.java:687)
	at org.testng.internal.invokers.TestInvoker.invokeTestMethod(TestInvoker.java:230)
	at org.testng.internal.invokers.MethodRunner.runInSequence(MethodRunner.java:63)
	at org.testng.internal.invokers.TestInvoker$MethodInvocationAgent.invoke(TestInvoker.java:995)
	at org.testng.internal.invokers.TestInvoker.invokeTestMethods(TestInvoker.java:203)
	at org.testng.internal.invokers.TestMethodWorker.invokeTestMethods(TestMethodWorker.java:154)
	at org.testng.internal.invokers.TestMethodWorker.run(TestMethodWorker.java:134)
	at java.base/java.util.ArrayList.forEach(ArrayList.java:1597)
	at org.testng.TestRunner.privateRun(TestRunner.java:741)
	at org.testng.TestRunner.run(TestRunner.java:616)
	at org.testng.SuiteRunner.runTest(SuiteRunner.java:421)
	at org.testng.SuiteRunner.runSequentially(SuiteRunner.java:413)
	at org.testng.SuiteRunner.privateRun(SuiteRunner.java:373)
	at org.testng.SuiteRunner.run(SuiteRunner.java:312)
	at org.testng.SuiteRunnerWorker.runSuite(SuiteRunnerWorker.java:52)
	at org.testng.SuiteRunnerWorker.run(SuiteRunnerWorker.java:95)
	at org.testng.TestNG.runSuitesSequentially(TestNG.java:1274)
	at org.testng.TestNG.runSuitesLocally(TestNG.java:1208)
	at org.testng.TestNG.runSuites(TestNG.java:1112)
	at org.testng.TestNG.run(TestNG.java:1079)
	at org.testng.remote.AbstractRemoteTestNG.run(AbstractRemoteTestNG.java:115)
	at org.testng.remote.RemoteTestNG.initAndRun(RemoteTestNG.java:293)
	at org.testng.remote.RemoteTestNG.main(RemoteTestNG.java:91)
</pre></div></td>
<td>0</td>
<td>tests.HamcrestTest@38145825</td></tr>
<tr>
<td title='tests.CreateUserTest.createUserUsingPojo()'><b>createUserUsingPojo</b><br>Test class: tests.CreateUserTest</td>
<td><div><pre>java.lang.AssertionError: expected [403] but found [404]
	at tests.CreateUserTest.createUserUsingPojo(CreateUserTest.java:45)
	at java.base/java.util.ArrayList.forEach(ArrayList.java:1597)
... Removed 32 stack frames</pre></div><a href='#' onClick='toggleBox("stack-trace1592970214", this, "Click to show all stack frames", "Click to hide stack frames")'>Click to show all stack frames</a>
<div class='stack-trace' id='stack-trace1592970214'><pre>java.lang.AssertionError: expected [403] but found [404]
	at org.testng.Assert.fail(Assert.java:111)
	at org.testng.Assert.failNotEquals(Assert.java:1590)
	at org.testng.Assert.assertEqualsImpl(Assert.java:150)
	at org.testng.Assert.assertEquals(Assert.java:132)
	at org.testng.Assert.assertEquals(Assert.java:1431)
	at org.testng.Assert.assertEquals(Assert.java:1395)
	at org.testng.Assert.assertEquals(Assert.java:1441)
	at tests.CreateUserTest.createUserUsingPojo(CreateUserTest.java:45)
	at java.base/jdk.internal.reflect.DirectMethodHandleAccessor.invoke(DirectMethodHandleAccessor.java:103)
	at java.base/java.lang.reflect.Method.invoke(Method.java:580)
	at org.testng.internal.invokers.MethodInvocationHelper.invokeMethod(MethodInvocationHelper.java:141)
	at org.testng.internal.invokers.TestInvoker.invokeMethod(TestInvoker.java:687)
	at org.testng.internal.invokers.TestInvoker.invokeTestMethod(TestInvoker.java:230)
	at org.testng.internal.invokers.MethodRunner.runInSequence(MethodRunner.java:63)
	at org.testng.internal.invokers.TestInvoker$MethodInvocationAgent.invoke(TestInvoker.java:995)
	at org.testng.internal.invokers.TestInvoker.invokeTestMethods(TestInvoker.java:203)
	at org.testng.internal.invokers.TestMethodWorker.invokeTestMethods(TestMethodWorker.java:154)
	at org.testng.internal.invokers.TestMethodWorker.run(TestMethodWorker.java:134)
	at java.base/java.util.ArrayList.forEach(ArrayList.java:1597)
	at org.testng.TestRunner.privateRun(TestRunner.java:741)
	at org.testng.TestRunner.run(TestRunner.java:616)
	at org.testng.SuiteRunner.runTest(SuiteRunner.java:421)
	at org.testng.SuiteRunner.runSequentially(SuiteRunner.java:413)
	at org.testng.SuiteRunner.privateRun(SuiteRunner.java:373)
	at org.testng.SuiteRunner.run(SuiteRunner.java:312)
	at org.testng.SuiteRunnerWorker.runSuite(SuiteRunnerWorker.java:52)
	at org.testng.SuiteRunnerWorker.run(SuiteRunnerWorker.java:95)
	at org.testng.TestNG.runSuitesSequentially(TestNG.java:1274)
	at org.testng.TestNG.runSuitesLocally(TestNG.java:1208)
	at org.testng.TestNG.runSuites(TestNG.java:1112)
	at org.testng.TestNG.run(TestNG.java:1079)
	at org.testng.remote.AbstractRemoteTestNG.run(AbstractRemoteTestNG.java:115)
	at org.testng.remote.RemoteTestNG.initAndRun(RemoteTestNG.java:293)
	at org.testng.remote.RemoteTestNG.main(RemoteTestNG.java:91)
</pre></div></td>
<td>0</td>
<td>tests.CreateUserTest@d2de489</td></tr>
<tr>
<td title='tests.CreateUserTest.createUserUsingJsonFile()'><b>createUserUsingJsonFile</b><br>Test class: tests.CreateUserTest</td>
<td><div><pre>java.lang.AssertionError: expected [403] but found [404]
	at tests.CreateUserTest.createUserUsingJsonFile(CreateUserTest.java:23)
	at java.base/java.util.ArrayList.forEach(ArrayList.java:1597)
... Removed 32 stack frames</pre></div><a href='#' onClick='toggleBox("stack-trace2109182431", this, "Click to show all stack frames", "Click to hide stack frames")'>Click to show all stack frames</a>
<div class='stack-trace' id='stack-trace2109182431'><pre>java.lang.AssertionError: expected [403] but found [404]
	at org.testng.Assert.fail(Assert.java:111)
	at org.testng.Assert.failNotEquals(Assert.java:1590)
	at org.testng.Assert.assertEqualsImpl(Assert.java:150)
	at org.testng.Assert.assertEquals(Assert.java:132)
	at org.testng.Assert.assertEquals(Assert.java:1431)
	at org.testng.Assert.assertEquals(Assert.java:1395)
	at org.testng.Assert.assertEquals(Assert.java:1441)
	at tests.CreateUserTest.createUserUsingJsonFile(CreateUserTest.java:23)
	at java.base/jdk.internal.reflect.DirectMethodHandleAccessor.invoke(DirectMethodHandleAccessor.java:103)
	at java.base/java.lang.reflect.Method.invoke(Method.java:580)
	at org.testng.internal.invokers.MethodInvocationHelper.invokeMethod(MethodInvocationHelper.java:141)
	at org.testng.internal.invokers.TestInvoker.invokeMethod(TestInvoker.java:687)
	at org.testng.internal.invokers.TestInvoker.invokeTestMethod(TestInvoker.java:230)
	at org.testng.internal.invokers.MethodRunner.runInSequence(MethodRunner.java:63)
	at org.testng.internal.invokers.TestInvoker$MethodInvocationAgent.invoke(TestInvoker.java:995)
	at org.testng.internal.invokers.TestInvoker.invokeTestMethods(TestInvoker.java:203)
	at org.testng.internal.invokers.TestMethodWorker.invokeTestMethods(TestMethodWorker.java:154)
	at org.testng.internal.invokers.TestMethodWorker.run(TestMethodWorker.java:134)
	at java.base/java.util.ArrayList.forEach(ArrayList.java:1597)
	at org.testng.TestRunner.privateRun(TestRunner.java:741)
	at org.testng.TestRunner.run(TestRunner.java:616)
	at org.testng.SuiteRunner.runTest(SuiteRunner.java:421)
	at org.testng.SuiteRunner.runSequentially(SuiteRunner.java:413)
	at org.testng.SuiteRunner.privateRun(SuiteRunner.java:373)
	at org.testng.SuiteRunner.run(SuiteRunner.java:312)
	at org.testng.SuiteRunnerWorker.runSuite(SuiteRunnerWorker.java:52)
	at org.testng.SuiteRunnerWorker.run(SuiteRunnerWorker.java:95)
	at org.testng.TestNG.runSuitesSequentially(TestNG.java:1274)
	at org.testng.TestNG.runSuitesLocally(TestNG.java:1208)
	at org.testng.TestNG.runSuites(TestNG.java:1112)
	at org.testng.TestNG.run(TestNG.java:1079)
	at org.testng.remote.AbstractRemoteTestNG.run(AbstractRemoteTestNG.java:115)
	at org.testng.remote.RemoteTestNG.initAndRun(RemoteTestNG.java:293)
	at org.testng.remote.RemoteTestNG.main(RemoteTestNG.java:91)
</pre></div></td>
<td>0</td>
<td>tests.CreateUserTest@d2de489</td></tr>
<tr>
<td title='tests.PostmanAuthTest.oauthClientCredentialsTest()'><b>oauthClientCredentialsTest</b><br>Test class: tests.PostmanAuthTest</td>
<td><div><pre>java.lang.AssertionError: expected [200] but found [403]
	at tests.PostmanAuthTest.oauthClientCredentialsTest(PostmanAuthTest.java:46)
	at java.base/java.util.ArrayList.forEach(ArrayList.java:1597)
... Removed 32 stack frames</pre></div><a href='#' onClick='toggleBox("stack-trace2000077854", this, "Click to show all stack frames", "Click to hide stack frames")'>Click to show all stack frames</a>
<div class='stack-trace' id='stack-trace2000077854'><pre>java.lang.AssertionError: expected [200] but found [403]
	at org.testng.Assert.fail(Assert.java:111)
	at org.testng.Assert.failNotEquals(Assert.java:1590)
	at org.testng.Assert.assertEqualsImpl(Assert.java:150)
	at org.testng.Assert.assertEquals(Assert.java:132)
	at org.testng.Assert.assertEquals(Assert.java:1431)
	at org.testng.Assert.assertEquals(Assert.java:1395)
	at org.testng.Assert.assertEquals(Assert.java:1441)
	at tests.PostmanAuthTest.oauthClientCredentialsTest(PostmanAuthTest.java:46)
	at java.base/jdk.internal.reflect.DirectMethodHandleAccessor.invoke(DirectMethodHandleAccessor.java:103)
	at java.base/java.lang.reflect.Method.invoke(Method.java:580)
	at org.testng.internal.invokers.MethodInvocationHelper.invokeMethod(MethodInvocationHelper.java:141)
	at org.testng.internal.invokers.TestInvoker.invokeMethod(TestInvoker.java:687)
	at org.testng.internal.invokers.TestInvoker.invokeTestMethod(TestInvoker.java:230)
	at org.testng.internal.invokers.MethodRunner.runInSequence(MethodRunner.java:63)
	at org.testng.internal.invokers.TestInvoker$MethodInvocationAgent.invoke(TestInvoker.java:995)
	at org.testng.internal.invokers.TestInvoker.invokeTestMethods(TestInvoker.java:203)
	at org.testng.internal.invokers.TestMethodWorker.invokeTestMethods(TestMethodWorker.java:154)
	at org.testng.internal.invokers.TestMethodWorker.run(TestMethodWorker.java:134)
	at java.base/java.util.ArrayList.forEach(ArrayList.java:1597)
	at org.testng.TestRunner.privateRun(TestRunner.java:741)
	at org.testng.TestRunner.run(TestRunner.java:616)
	at org.testng.SuiteRunner.runTest(SuiteRunner.java:421)
	at org.testng.SuiteRunner.runSequentially(SuiteRunner.java:413)
	at org.testng.SuiteRunner.privateRun(SuiteRunner.java:373)
	at org.testng.SuiteRunner.run(SuiteRunner.java:312)
	at org.testng.SuiteRunnerWorker.runSuite(SuiteRunnerWorker.java:52)
	at org.testng.SuiteRunnerWorker.run(SuiteRunnerWorker.java:95)
	at org.testng.TestNG.runSuitesSequentially(TestNG.java:1274)
	at org.testng.TestNG.runSuitesLocally(TestNG.java:1208)
	at org.testng.TestNG.runSuites(TestNG.java:1112)
	at org.testng.TestNG.run(TestNG.java:1079)
	at org.testng.remote.AbstractRemoteTestNG.run(AbstractRemoteTestNG.java:115)
	at org.testng.remote.RemoteTestNG.initAndRun(RemoteTestNG.java:293)
	at org.testng.remote.RemoteTestNG.main(RemoteTestNG.java:91)
</pre></div></td>
<td>0</td>
<td>tests.PostmanAuthTest@41330d4f</td></tr>
<tr>
<td title='tests.SchemaValidation.schemaValidationTest()'><b>schemaValidationTest</b><br>Test class: tests.SchemaValidation</td>
<td><div><pre>java.lang.IllegalArgumentException: Schema to use cannot be null
	at io.restassured.module.jsv.JsonSchemaValidator.validateSchemaIsNotNull(JsonSchemaValidator.java:270)
	at io.restassured.module.jsv.JsonSchemaValidator.access$300(JsonSchemaValidator.java:75)
	at io.restassured.module.jsv.JsonSchemaValidator$JsonSchemaValidatorFactory.create(JsonSchemaValidator.java:281)
	at io.restassured.module.jsv.JsonSchemaValidator.matchesJsonSchema(JsonSchemaValidator.java:166)
	at io.restassured.module.jsv.JsonSchemaValidator.matchesJsonSchemaInClasspath(JsonSchemaValidator.java:117)
	at tests.SchemaValidation.schemaValidationTest(SchemaValidation.java:22)
	at java.base/java.util.ArrayList.forEach(ArrayList.java:1597)
... Removed 25 stack frames</pre></div><a href='#' onClick='toggleBox("stack-trace1299829127", this, "Click to show all stack frames", "Click to hide stack frames")'>Click to show all stack frames</a>
<div class='stack-trace' id='stack-trace1299829127'><pre>java.lang.IllegalArgumentException: Schema to use cannot be null
	at io.restassured.module.jsv.JsonSchemaValidator.validateSchemaIsNotNull(JsonSchemaValidator.java:270)
	at io.restassured.module.jsv.JsonSchemaValidator.access$300(JsonSchemaValidator.java:75)
	at io.restassured.module.jsv.JsonSchemaValidator$JsonSchemaValidatorFactory.create(JsonSchemaValidator.java:281)
	at io.restassured.module.jsv.JsonSchemaValidator.matchesJsonSchema(JsonSchemaValidator.java:166)
	at io.restassured.module.jsv.JsonSchemaValidator.matchesJsonSchemaInClasspath(JsonSchemaValidator.java:117)
	at tests.SchemaValidation.schemaValidationTest(SchemaValidation.java:22)
	at java.base/jdk.internal.reflect.DirectMethodHandleAccessor.invoke(DirectMethodHandleAccessor.java:103)
	at java.base/java.lang.reflect.Method.invoke(Method.java:580)
	at org.testng.internal.invokers.MethodInvocationHelper.invokeMethod(MethodInvocationHelper.java:141)
	at org.testng.internal.invokers.TestInvoker.invokeMethod(TestInvoker.java:687)
	at org.testng.internal.invokers.TestInvoker.invokeTestMethod(TestInvoker.java:230)
	at org.testng.internal.invokers.MethodRunner.runInSequence(MethodRunner.java:63)
	at org.testng.internal.invokers.TestInvoker$MethodInvocationAgent.invoke(TestInvoker.java:995)
	at org.testng.internal.invokers.TestInvoker.invokeTestMethods(TestInvoker.java:203)
	at org.testng.internal.invokers.TestMethodWorker.invokeTestMethods(TestMethodWorker.java:154)
	at org.testng.internal.invokers.TestMethodWorker.run(TestMethodWorker.java:134)
	at java.base/java.util.ArrayList.forEach(ArrayList.java:1597)
	at org.testng.TestRunner.privateRun(TestRunner.java:741)
	at org.testng.TestRunner.run(TestRunner.java:616)
	at org.testng.SuiteRunner.runTest(SuiteRunner.java:421)
	at org.testng.SuiteRunner.runSequentially(SuiteRunner.java:413)
	at org.testng.SuiteRunner.privateRun(SuiteRunner.java:373)
	at org.testng.SuiteRunner.run(SuiteRunner.java:312)
	at org.testng.SuiteRunnerWorker.runSuite(SuiteRunnerWorker.java:52)
	at org.testng.SuiteRunnerWorker.run(SuiteRunnerWorker.java:95)
	at org.testng.TestNG.runSuitesSequentially(TestNG.java:1274)
	at org.testng.TestNG.runSuitesLocally(TestNG.java:1208)
	at org.testng.TestNG.runSuites(TestNG.java:1112)
	at org.testng.TestNG.run(TestNG.java:1079)
	at org.testng.remote.AbstractRemoteTestNG.run(AbstractRemoteTestNG.java:115)
	at org.testng.remote.RemoteTestNG.initAndRun(RemoteTestNG.java:293)
	at org.testng.remote.RemoteTestNG.main(RemoteTestNG.java:91)
</pre></div></td>
<td>0</td>
<td>tests.SchemaValidation@3e0e1046</td></tr>
</table><p>
<table width='100%' border='1' class='invocation-passed'>
<tr><td colspan='4' align='center'><b>PASSED TESTS</b></td></tr>
<tr><td><b>Test method</b></td>
<td><b>Attribute(s)</b></td>
<td width="30%"><b>Exception</b></td>
<td width="10%"><b>Time (seconds)</b></td>
<td><b>Instance</b></td>
</tr>
<tr>
<td title='tests.DataDrivenPostTest.postApi_csvDataDrivenTest()'><b>postApi_csvDataDrivenTest</b><br>Test class: tests.DataDrivenPostTest<br>Parameters: {name=Amit, role=Backend Developer}</td>
<td></td>
<td>0</td>
<td>tests.DataDrivenPostTest@14bdbc74</td></tr>
<tr>
<td title='tests.DataDrivenPostTest.postApi_jsonDataDrivenTest()'><b>postApi_jsonDataDrivenTest</b><br>Test class: tests.DataDrivenPostTest<br>Parameters: {name=Rahul, role=Automation Engineer}</td>
<td></td>
<td>0</td>
<td>tests.DataDrivenPostTest@14bdbc74</td></tr>
<tr>
<td title='tests.DataDrivenPostTest.postApi_dataDrivenTest()'><b>postApi_dataDrivenTest</b><br>Test class: tests.DataDrivenPostTest<br>Parameters: Anjali, Developer</td>
<td></td>
<td>0</td>
<td>tests.DataDrivenPostTest@14bdbc74</td></tr>
<tr>
<td title='tests.DataDrivenPostTest.postApi_csvDataDrivenTest()'><b>postApi_csvDataDrivenTest</b><br>Test class: tests.DataDrivenPostTest<br>Parameters: {name=Vanish, role=QA}</td>
<td></td>
<td>0</td>
<td>tests.DataDrivenPostTest@14bdbc74</td></tr>
<tr>
<td title='tests.DataDrivenPostTest.postApi_dataDrivenTest()'><b>postApi_dataDrivenTest</b><br>Test class: tests.DataDrivenPostTest<br>Parameters: Vanish, QA</td>
<td></td>
<td>0</td>
<td>tests.DataDrivenPostTest@14bdbc74</td></tr>
<tr>
<td title='tests.UserMockApiTest.getUserMockTest()'><b>getUserMockTest</b><br>Test class: tests.UserMockApiTest</td>
<td></td>
<td>0</td>
<td>tests.UserMockApiTest@24c1b2d2</td></tr>
<tr>
<td title='tests.PostmanAuthTest.basicAuthTest()'><b>basicAuthTest</b><br>Test class: tests.PostmanAuthTest</td>
<td></td>
<td>0</td>
<td>tests.PostmanAuthTest@41330d4f</td></tr>
<tr>
<td title='tests.DataDrivenPostTest.postApi_jsonDataDrivenTest()'><b>postApi_jsonDataDrivenTest</b><br>Test class: tests.DataDrivenPostTest<br>Parameters: {name=Pooja, role=Scrum Master}</td>
<td></td>
<td>0</td>
<td>tests.DataDrivenPostTest@14bdbc74</td></tr>
<tr>
<td title='tests.DataDrivenPostTest.postApi_csvDataDrivenTest()'><b>postApi_csvDataDrivenTest</b><br>Test class: tests.DataDrivenPostTest<br>Parameters: {name=Neha, role=Product Manager}</td>
<td></td>
<td>0</td>
<td>tests.DataDrivenPostTest@14bdbc74</td></tr>
<tr>
<td title='tests.RetrySampleTest.retryExampleTest()'><b>retryExampleTest</b><br>Test class: tests.RetrySampleTest</td>
<td></td>
<td>0</td>
<td>tests.RetrySampleTest@1b66c0fb</td></tr>
<tr>
<td title='tests.PostmanAuthTest.bearerTokenTest()'><b>bearerTokenTest</b><br>Test class: tests.PostmanAuthTest</td>
<td></td>
<td>0</td>
<td>tests.PostmanAuthTest@41330d4f</td></tr>
<tr>
<td title='tests.ApiChainingTest.postGetDeleteFlowTest()'><b>postGetDeleteFlowTest</b><br>Test class: tests.ApiChainingTest</td>
<td></td>
<td>4</td>
<td>tests.ApiChainingTest@33ecda92</td></tr>
<tr>
<td title='tests.ExtentReportTestCases.extentReportApiTest()'><b>extentReportApiTest</b><br>Test class: tests.ExtentReportTestCases</td>
<td></td>
<td>0</td>
<td>tests.ExtentReportTestCases@5a7fe64f</td></tr>
<tr>
<td title='tests.DataDrivenPostTest.postApi_csvDataDrivenTest()'><b>postApi_csvDataDrivenTest</b><br>Test class: tests.DataDrivenPostTest<br>Parameters: {name=Priya, role=Frontend Developer}</td>
<td></td>
<td>0</td>
<td>tests.DataDrivenPostTest@14bdbc74</td></tr>
<tr>
<td title='tests.DataDrivenPostTest.postApi_csvDataDrivenTest()'><b>postApi_csvDataDrivenTest</b><br>Test class: tests.DataDrivenPostTest<br>Parameters: {name=Anjali, role=Developer}</td>
<td></td>
<td>0</td>
<td>tests.DataDrivenPostTest@14bdbc74</td></tr>
<tr>
<td title='tests.DataDrivenPostTest.postApi_dataDrivenTest()'><b>postApi_dataDrivenTest</b><br>Test class: tests.DataDrivenPostTest<br>Parameters: TestUser, Manager</td>
<td></td>
<td>0</td>
<td>tests.DataDrivenPostTest@14bdbc74</td></tr>
<tr>
<td title='tests.DataDrivenPostTest.postApi_csvDataDrivenTest()'><b>postApi_csvDataDrivenTest</b><br>Test class: tests.DataDrivenPostTest<br>Parameters: {name=Kiran, role=DevOps Engineer}</td>
<td></td>
<td>0</td>
<td>tests.DataDrivenPostTest@14bdbc74</td></tr>
<tr>
<td title='tests.DataDrivenPostTest.postApi_jsonDataDrivenTest()'><b>postApi_jsonDataDrivenTest</b><br>Test class: tests.DataDrivenPostTest<br>Parameters: {name=Kiran, role=DevOps Engineer}</td>
<td></td>
<td>0</td>
<td>tests.DataDrivenPostTest@14bdbc74</td></tr>
<tr>
<td title='tests.DataDrivenPostTest.postApi_jsonDataDrivenTest()'><b>postApi_jsonDataDrivenTest</b><br>Test class: tests.DataDrivenPostTest<br>Parameters: {name=Neha, role=Product Manager}</td>
<td></td>
<td>0</td>
<td>tests.DataDrivenPostTest@14bdbc74</td></tr>
<tr>
<td title='tests.DataDrivenPostTest.postApi_jsonDataDrivenTest()'><b>postApi_jsonDataDrivenTest</b><br>Test class: tests.DataDrivenPostTest<br>Parameters: {name=Sneha, role=Manual Tester}</td>
<td></td>
<td>0</td>
<td>tests.DataDrivenPostTest@14bdbc74</td></tr>
<tr>
<td title='tests.DataDrivenPostTest.postApi_csvDataDrivenTest()'><b>postApi_csvDataDrivenTest</b><br>Test class: tests.DataDrivenPostTest<br>Parameters: {name=Sneha, role=Manual Tester}</td>
<td></td>
<td>0</td>
<td>tests.DataDrivenPostTest@14bdbc74</td></tr>
<tr>
<td title='tests.DataDrivenPostTest.postApi_jsonDataDrivenTest()'><b>postApi_jsonDataDrivenTest</b><br>Test class: tests.DataDrivenPostTest<br>Parameters: {name=Vanish, role=QA}</td>
<td></td>
<td>0</td>
<td>tests.DataDrivenPostTest@14bdbc74</td></tr>
<tr>
<td title='tests.DataDrivenPostTest.postApi_jsonDataDrivenTest()'><b>postApi_jsonDataDrivenTest</b><br>Test class: tests.DataDrivenPostTest<br>Parameters: {name=Arjun, role=Business Analyst}</td>
<td></td>
<td>0</td>
<td>tests.DataDrivenPostTest@14bdbc74</td></tr>
<tr>
<td title='tests.DataDrivenPostTest.postApi_jsonDataDrivenTest()'><b>postApi_jsonDataDrivenTest</b><br>Test class: tests.DataDrivenPostTest<br>Parameters: {name=Amit, role=Backend Developer}</td>
<td></td>
<td>0</td>
<td>tests.DataDrivenPostTest@14bdbc74</td></tr>
<tr>
<td title='tests.DataDrivenPostTest.postApi_csvDataDrivenTest()'><b>postApi_csvDataDrivenTest</b><br>Test class: tests.DataDrivenPostTest<br>Parameters: {name=Rahul, role=Automation Engineer}</td>
<td></td>
<td>0</td>
<td>tests.DataDrivenPostTest@14bdbc74</td></tr>
<tr>
<td title='tests.DataDrivenPostTest.postApi_csvDataDrivenTest()'><b>postApi_csvDataDrivenTest</b><br>Test class: tests.DataDrivenPostTest<br>Parameters: {name=Arjun, role=Business Analyst}</td>
<td></td>
<td>0</td>
<td>tests.DataDrivenPostTest@14bdbc74</td></tr>
<tr>
<td title='tests.DataDrivenPostTest.postApi_jsonDataDrivenTest()'><b>postApi_jsonDataDrivenTest</b><br>Test class: tests.DataDrivenPostTest<br>Parameters: {name=Anjali, role=Developer}</td>
<td></td>
<td>0</td>
<td>tests.DataDrivenPostTest@14bdbc74</td></tr>
<tr>
<td title='tests.DataDrivenPostTest.postApi_jsonDataDrivenTest()'><b>postApi_jsonDataDrivenTest</b><br>Test class: tests.DataDrivenPostTest<br>Parameters: {name=Priya, role=Frontend Developer}</td>
<td></td>
<td>0</td>
<td>tests.DataDrivenPostTest@14bdbc74</td></tr>
<tr>
<td title='tests.DataDrivenPostTest.postApi_csvDataDrivenTest()'><b>postApi_csvDataDrivenTest</b><br>Test class: tests.DataDrivenPostTest<br>Parameters: {name=Pooja, role=Scrum Master}</td>
<td></td>
<td>0</td>
<td>tests.DataDrivenPostTest@14bdbc74</td></tr>
</table><p>
<table width='100%' border='1' class='invocation-skipped'>
<tr><td colspan='4' align='center'><b>SKIPPED TESTS</b></td></tr>
<tr><td><b>Test method</b></td>
<td><b>Attribute(s)</b></td>
<td width="30%"><b>Exception</b></td>
<td width="10%"><b>Time (seconds)</b></td>
<td><b>Instance</b></td>
</tr>
<tr>
<td title='tests.AuthFlowTest.completeAuthFlowTest()'><b>completeAuthFlowTest</b><br>Test class: tests.AuthFlowTest</td>
<td><div><pre>org.testng.SkipException: Login did not return JSON
	at tests.AuthFlowTest.completeAuthFlowTest(AuthFlowTest.java:24)
	at java.base/java.util.ArrayList.forEach(ArrayList.java:1597)
... Removed 25 stack frames</pre></div><a href='#' onClick='toggleBox("stack-trace286559682", this, "Click to show all stack frames", "Click to hide stack frames")'>Click to show all stack frames</a>
<div class='stack-trace' id='stack-trace286559682'><pre>org.testng.SkipException: Login did not return JSON
	at tests.AuthFlowTest.completeAuthFlowTest(AuthFlowTest.java:24)
	at java.base/jdk.internal.reflect.DirectMethodHandleAccessor.invoke(DirectMethodHandleAccessor.java:103)
	at java.base/java.lang.reflect.Method.invoke(Method.java:580)
	at org.testng.internal.invokers.MethodInvocationHelper.invokeMethod(MethodInvocationHelper.java:141)
	at org.testng.internal.invokers.TestInvoker.invokeMethod(TestInvoker.java:687)
	at org.testng.internal.invokers.TestInvoker.invokeTestMethod(TestInvoker.java:230)
	at org.testng.internal.invokers.MethodRunner.runInSequence(MethodRunner.java:63)
	at org.testng.internal.invokers.TestInvoker$MethodInvocationAgent.invoke(TestInvoker.java:995)
	at org.testng.internal.invokers.TestInvoker.invokeTestMethods(TestInvoker.java:203)
	at org.testng.internal.invokers.TestMethodWorker.invokeTestMethods(TestMethodWorker.java:154)
	at org.testng.internal.invokers.TestMethodWorker.run(TestMethodWorker.java:134)
	at java.base/java.util.ArrayList.forEach(ArrayList.java:1597)
	at org.testng.TestRunner.privateRun(TestRunner.java:741)
	at org.testng.TestRunner.run(TestRunner.java:616)
	at org.testng.SuiteRunner.runTest(SuiteRunner.java:421)
	at org.testng.SuiteRunner.runSequentially(SuiteRunner.java:413)
	at org.testng.SuiteRunner.privateRun(SuiteRunner.java:373)
	at org.testng.SuiteRunner.run(SuiteRunner.java:312)
	at org.testng.SuiteRunnerWorker.runSuite(SuiteRunnerWorker.java:52)
	at org.testng.SuiteRunnerWorker.run(SuiteRunnerWorker.java:95)
	at org.testng.TestNG.runSuitesSequentially(TestNG.java:1274)
	at org.testng.TestNG.runSuitesLocally(TestNG.java:1208)
	at org.testng.TestNG.runSuites(TestNG.java:1112)
	at org.testng.TestNG.run(TestNG.java:1079)
	at org.testng.remote.AbstractRemoteTestNG.run(AbstractRemoteTestNG.java:115)
	at org.testng.remote.RemoteTestNG.initAndRun(RemoteTestNG.java:293)
	at org.testng.remote.RemoteTestNG.main(RemoteTestNG.java:91)
</pre></div></td>
<td>0</td>
<td>tests.AuthFlowTest@f68f0dc</td></tr>
</table><p>
</body>
</html>