<?xml version="1.0" encoding="UTF-8"?>
<!-- Generated by org.testng.reporters.JUnitXMLReporter -->
<testsuite ignored="0" hostname="Vanish" failures="5" tests="35" name="API Tests" time="14.589" errors="0" timestamp="2026-01-29T20:13:27 IST">
  <testcase classname="tests.ApiChainingTest" name="postGetDeleteFlowTest" time="4.292"/>
  <testcase classname="tests.AuthFlowTest" name="completeAuthFlowTest" time="0.303">
    <skipped/>
  </testcase> <!-- completeAuthFlowTest -->
  <testcase classname="tests.CreateUserTest" name="createUserUsingJsonFile" time="0.309">
    <failure type="java.lang.AssertionError" message="expected [403] but found [404]">
      <![CDATA[java.lang.AssertionError: expected [403] but found [404]
at tests.CreateUserTest.createUserUsingJsonFile(CreateUserTest.java:23)
at java.base/java.util.ArrayList.forEach(ArrayList.java:1597)
... Removed 32 stack frames]]>
    </failure>
  </testcase> <!-- createUserUsingJsonFile -->
  <testcase classname="tests.CreateUserTest" name="createUserUsingPojo" time="0.261">
    <failure type="java.lang.AssertionError" message="expected [403] but found [404]">
      <![CDATA[java.lang.AssertionError: expected [403] but found [404]
at tests.CreateUserTest.createUserUsingPojo(CreateUserTest.java:45)
at java.base/java.util.ArrayList.forEach(ArrayList.java:1597)
... Removed 32 stack frames]]>
    </failure>
  </testcase> <!-- createUserUsingPojo -->
  <testcase classname="tests.DataDrivenPostTest" name="postApi_csvDataDrivenTest" time="0.306"/>
  <testcase classname="tests.DataDrivenPostTest" name="postApi_csvDataDrivenTest" time="0.281"/>
  <testcase classname="tests.DataDrivenPostTest" name="postApi_csvDataDrivenTest" time="0.285"/>
  <testcase classname="tests.DataDrivenPostTest" name="postApi_csvDataDrivenTest" time="0.28"/>
  <testcase classname="tests.DataDrivenPostTest" name="postApi_csvDataDrivenTest" time="0.279"/>
  <testcase classname="tests.DataDrivenPostTest" name="postApi_csvDataDrivenTest" time="0.267"/>
  <testcase classname="tests.DataDrivenPostTest" name="postApi_csvDataDrivenTest" time="0.285"/>
  <testcase classname="tests.DataDrivenPostTest" name="postApi_csvDataDrivenTest" time="0.279"/>
  <testcase classname="tests.DataDrivenPostTest" name="postApi_csvDataDrivenTest" time="0.261"/>
  <testcase classname="tests.DataDrivenPostTest" name="postApi_csvDataDrivenTest" time="0.284"/>
  <testcase classname="tests.DataDrivenPostTest" name="postApi_dataDrivenTest" time="0.287"/>
  <testcase classname="tests.DataDrivenPostTest" name="postApi_dataDrivenTest" time="0.278"/>
  <testcase classname="tests.DataDrivenPostTest" name="postApi_dataDrivenTest" time="0.277"/>
  <testcase classname="tests.DataDrivenPostTest" name="postApi_jsonDataDrivenTest" time="0.254"/>
  <testcase classname="tests.DataDrivenPostTest" name="postApi_jsonDataDrivenTest" time="0.253"/>
  <testcase classname="tests.DataDrivenPostTest" name="postApi_jsonDataDrivenTest" time="0.249"/>
  <testcase classname="tests.DataDrivenPostTest" name="postApi_jsonDataDrivenTest" time="0.259"/>
  <testcase classname="tests.DataDrivenPostTest" name="postApi_jsonDataDrivenTest" time="0.257"/>
  <testcase classname="tests.DataDrivenPostTest" name="postApi_jsonDataDrivenTest" time="0.315"/>
  <testcase classname="tests.DataDrivenPostTest" name="postApi_jsonDataDrivenTest" time="0.244"/>
  <testcase classname="tests.DataDrivenPostTest" name="postApi_jsonDataDrivenTest" time="0.244"/>
  <testcase classname="tests.DataDrivenPostTest" name="postApi_jsonDataDrivenTest" time="0.257"/>
  <testcase classname="tests.DataDrivenPostTest" name="postApi_jsonDataDrivenTest" time="0.279"/>
  <testcase classname="tests.ExtentReportTestCases" name="extentReportApiTest" time="0.261"/>
  <testcase classname="tests.HamcrestTest" name="basicHamcrestValidation" time="0.338">
    <failure type="java.lang.AssertionError" message="1 expectation failed.
JSON path ids doesn&amp;apos;t match.
Expected: a collection with size &amp;lt;4&amp;gt;
  Actual: null
">
      <![CDATA[java.lang.AssertionError: 1 expectation failed.
JSON path ids doesn't match.
Expected: a collection with size <4>
  Actual: null

at org.codehaus.groovy.runtime.callsite.ConstructorSite$ConstructorSiteNoUnwrapNoCoerce.callConstructor(ConstructorSite.java:108)
at org.codehaus.groovy.runtime.callsite.CallSiteArray.defaultCallConstructor(CallSiteArray.java:57)
at org.codehaus.groovy.runtime.callsite.AbstractCallSite.callConstructor(AbstractCallSite.java:263)
at org.codehaus.groovy.runtime.callsite.AbstractCallSite.callConstructor(AbstractCallSite.java:277)
at io.restassured.internal.ResponseSpecificationImpl$HamcrestAssertionClosure.validate(ResponseSpecificationImpl.groovy:512)
at io.restassured.internal.ResponseSpecificationImpl$HamcrestAssertionClosure$validate$1.call(Unknown Source)
at io.restassured.internal.ResponseSpecificationImpl.validateResponseIfRequired(ResponseSpecificationImpl.groovy:696)
at io.restassured.internal.ResponseSpecificationImpl.this$2$validateResponseIfRequired(ResponseSpecificationImpl.groovy)
at org.codehaus.groovy.runtime.callsite.PlainObjectMetaMethodSite.doInvoke(PlainObjectMetaMethodSite.java:43)
at org.codehaus.groovy.runtime.callsite.PogoMetaMethodSite$PogoCachedMethodSiteNoUnwrapNoCoerce.invoke(PogoMetaMethodSite.java:198)
at org.codehaus.groovy.runtime.callsite.PogoMetaMethodSite.callCurrent(PogoMetaMethodSite.java:62)
at org.codehaus.groovy.runtime.callsite.AbstractCallSite.callCurrent(AbstractCallSite.java:185)
at io.restassured.internal.ResponseSpecificationImpl.body(ResponseSpecificationImpl.groovy:270)
at io.restassured.specification.ResponseSpecification$body$1.callCurrent(Unknown Source)
at org.codehaus.groovy.runtime.callsite.CallSiteArray.defaultCallCurrent(CallSiteArray.java:49)
at io.restassured.specification.ResponseSpecification$body$1.callCurrent(Unknown Source)
at io.restassured.internal.ResponseSpecificationImpl.body(ResponseSpecificationImpl.groovy:117)
at io.restassured.internal.ValidatableResponseOptionsImpl.body(ValidatableResponseOptionsImpl.java:244)
at tests.HamcrestTest.basicHamcrestValidation(HamcrestTest.java:26)
at java.base/java.util.ArrayList.forEach(ArrayList.java:1597)
... Removed 31 stack frames]]>
    </failure>
  </testcase> <!-- basicHamcrestValidation -->
  <testcase classname="tests.PostmanAuthTest" name="basicAuthTest" time="0.3"/>
  <testcase classname="tests.PostmanAuthTest" name="bearerTokenTest" time="0.258"/>
  <testcase classname="tests.PostmanAuthTest" name="oauthClientCredentialsTest" time="0.488">
    <failure type="java.lang.AssertionError" message="expected [200] but found [403]">
      <![CDATA[java.lang.AssertionError: expected [200] but found [403]
at tests.PostmanAuthTest.oauthClientCredentialsTest(PostmanAuthTest.java:46)
at java.base/java.util.ArrayList.forEach(ArrayList.java:1597)
... Removed 32 stack frames]]>
    </failure>
  </testcase> <!-- oauthClientCredentialsTest -->
  <testcase classname="tests.RetrySampleTest" name="retryExampleTest" time="0.262"/>
  <testcase classname="tests.SchemaValidation" name="schemaValidationTest" time="0.251">
    <failure type="java.lang.IllegalArgumentException" message="Schema to use cannot be null">
      <![CDATA[java.lang.IllegalArgumentException: Schema to use cannot be null
at io.restassured.module.jsv.JsonSchemaValidator.validateSchemaIsNotNull(JsonSchemaValidator.java:270)
at io.restassured.module.jsv.JsonSchemaValidator.access$300(JsonSchemaValidator.java:75)
at io.restassured.module.jsv.JsonSchemaValidator$JsonSchemaValidatorFactory.create(JsonSchemaValidator.java:281)
at io.restassured.module.jsv.JsonSchemaValidator.matchesJsonSchema(JsonSchemaValidator.java:166)
at io.restassured.module.jsv.JsonSchemaValidator.matchesJsonSchemaInClasspath(JsonSchemaValidator.java:117)
at tests.SchemaValidation.schemaValidationTest(SchemaValidation.java:22)
at java.base/java.util.ArrayList.forEach(ArrayList.java:1597)
... Removed 25 stack frames]]>
    </failure>
  </testcase> <!-- schemaValidationTest -->
  <testcase classname="tests.UserMockApiTest" name="getUserMockTest" time="0.042"/>
</testsuite> <!-- API Tests -->
