<?xml version="1.0" encoding="UTF-8"?>
<!-- Generated by org.testng.reporters.JUnitReportReporter -->
<testsuite hostname="Vanish" failures="0" tests="23" name="tests.DataDrivenPostTest" time="6.260" errors="0" timestamp="2026-01-29T20:13:27 IST" skipped="0">
  <testcase classname="tests.DataDrivenPostTest" name="postApi_csvDataDrivenTest" time="0.285"/>
  <testcase classname="tests.DataDrivenPostTest" name="postApi_jsonDataDrivenTest" time="0.244"/>
  <testcase classname="tests.DataDrivenPostTest" name="postApi_jsonDataDrivenTest" time="0.244"/>
  <testcase classname="tests.DataDrivenPostTest" name="postApi_csvDataDrivenTest" time="0.279"/>
  <testcase classname="tests.DataDrivenPostTest" name="postApi_jsonDataDrivenTest" time="0.249"/>
  <testcase classname="tests.DataDrivenPostTest" name="postApi_dataDrivenTest" time="0.278"/>
  <testcase classname="tests.DataDrivenPostTest" name="postApi_csvDataDrivenTest" time="0.306"/>
  <testcase classname="tests.DataDrivenPostTest" name="postApi_jsonDataDrivenTest" time="0.259"/>
  <testcase classname="tests.DataDrivenPostTest" name="postApi_dataDrivenTest" time="0.287"/>
  <testcase classname="tests.DataDrivenPostTest" name="postApi_csvDataDrivenTest" time="0.280"/>
  <testcase classname="tests.DataDrivenPostTest" name="postApi_jsonDataDrivenTest" time="0.279"/>
  <testcase classname="tests.DataDrivenPostTest" name="postApi_csvDataDrivenTest" time="0.279"/>
  <testcase classname="tests.DataDrivenPostTest" name="postApi_jsonDataDrivenTest" time="0.254"/>
  <testcase classname="tests.DataDrivenPostTest" name="postApi_jsonDataDrivenTest" time="0.257"/>
  <testcase classname="tests.DataDrivenPostTest" name="postApi_jsonDataDrivenTest" time="0.257"/>
  <testcase classname="tests.DataDrivenPostTest" name="postApi_csvDataDrivenTest" time="0.285"/>
  <testcase classname="tests.DataDrivenPostTest" name="postApi_csvDataDrivenTest" time="0.267"/>
  <testcase classname="tests.DataDrivenPostTest" name="postApi_csvDataDrivenTest" time="0.281"/>
  <testcase classname="tests.DataDrivenPostTest" name="postApi_csvDataDrivenTest" time="0.261"/>
  <testcase classname="tests.DataDrivenPostTest" name="postApi_jsonDataDrivenTest" time="0.253"/>
  <testcase classname="tests.DataDrivenPostTest" name="postApi_jsonDataDrivenTest" time="0.315"/>
  <testcase classname="tests.DataDrivenPostTest" name="postApi_dataDrivenTest" time="0.277"/>
  <testcase classname="tests.DataDrivenPostTest" name="postApi_csvDataDrivenTest" time="0.284"/>
</testsuite> <!-- tests.DataDrivenPostTest -->
