<?xml version="1.0" encoding="UTF-8"?>
<!-- Generated by org.testng.reporters.JUnitReportReporter -->
<testsuite hostname="Vanish" failures="0" tests="23" name="tests.DataDrivenPostTest" time="6.951" errors="0" timestamp="2026-01-29T13:50:35 IST" skipped="0">
  <testcase classname="tests.DataDrivenPostTest" name="postApi_csvDataDrivenTest" time="0.282"/>
  <testcase classname="tests.DataDrivenPostTest" name="postApi_jsonDataDrivenTest" time="0.253"/>
  <testcase classname="tests.DataDrivenPostTest" name="postApi_csvDataDrivenTest" time="0.277"/>
  <testcase classname="tests.DataDrivenPostTest" name="postApi_dataDrivenTest" time="0.284"/>
  <testcase classname="tests.DataDrivenPostTest" name="postApi_jsonDataDrivenTest" time="0.259"/>
  <testcase classname="tests.DataDrivenPostTest" name="postApi_jsonDataDrivenTest" time="0.276"/>
  <testcase classname="tests.DataDrivenPostTest" name="postApi_csvDataDrivenTest" time="0.284"/>
  <testcase classname="tests.DataDrivenPostTest" name="postApi_csvDataDrivenTest" time="0.305"/>
  <testcase classname="tests.DataDrivenPostTest" name="postApi_jsonDataDrivenTest" time="0.248"/>
  <testcase classname="tests.DataDrivenPostTest" name="postApi_jsonDataDrivenTest" time="0.256"/>
  <testcase classname="tests.DataDrivenPostTest" name="postApi_csvDataDrivenTest" time="0.290"/>
  <testcase classname="tests.DataDrivenPostTest" name="postApi_dataDrivenTest" time="0.338"/>
  <testcase classname="tests.DataDrivenPostTest" name="postApi_jsonDataDrivenTest" time="0.254"/>
  <testcase classname="tests.DataDrivenPostTest" name="postApi_dataDrivenTest" time="0.308"/>
  <testcase classname="tests.DataDrivenPostTest" name="postApi_csvDataDrivenTest" time="0.281"/>
  <testcase classname="tests.DataDrivenPostTest" name="postApi_csvDataDrivenTest" time="0.287"/>
  <testcase classname="tests.DataDrivenPostTest" name="postApi_jsonDataDrivenTest" time="0.253"/>
  <testcase classname="tests.DataDrivenPostTest" name="postApi_jsonDataDrivenTest" time="0.255"/>
  <testcase classname="tests.DataDrivenPostTest" name="postApi_jsonDataDrivenTest" time="0.254"/>
  <testcase classname="tests.DataDrivenPostTest" name="postApi_jsonDataDrivenTest" time="0.272"/>
  <testcase classname="tests.DataDrivenPostTest" name="postApi_csvDataDrivenTest" time="0.267"/>
  <testcase classname="tests.DataDrivenPostTest" name="postApi_csvDataDrivenTest" time="0.302"/>
  <testcase classname="tests.DataDrivenPostTest" name="postApi_csvDataDrivenTest" time="0.866"/>
</testsuite> <!-- tests.DataDrivenPostTest -->
